<?xml version="1.0" encoding="UTF-8"?>
<!-- Generated by org.testng.reporters.JUnitReportReporter -->
<testsuite hostname="DESKTOP-4UF8A35" failures="0" tests="2" name="LeadForms.SellItForMe" time="85.447" errors="0" timestamp="2022-02-24T18:13:31 PKT" skipped="0">
  <testcase classname="LeadForms.SellItForMe" name="SellItForMeRequest_WithoutLogin" time="39.327"/>
  <system-out/>
  <testcase classname="LeadForms.SellItForMe" name="SellItForMeRequest_WithLogin" time="46.120"/>
  <system-out/>
</testsuite> <!-- LeadForms.SellItForMe -->
