<?xml version="1.0" encoding="UTF-8"?>
<!-- Generated by org.testng.reporters.JUnitReportReporter -->
<testsuite hostname="DESKTOP-4UF8A35" failures="0" tests="1" name="Search.NewBikeSearch" time="12.007" errors="0" timestamp="2022-02-21T17:43:35 PKT" skipped="0">
  <testcase classname="Search.NewBikeSearch" name="Scroll" time="12.007"/>
  <system-out/>
</testsuite> <!-- Search.NewBikeSearch -->
