<?xml version="1.0" encoding="UTF-8"?>
<!-- Generated by org.testng.reporters.JUnitReportReporter -->
<testsuite hostname="DESKTOP-4UF8A35" failures="0" tests="1" name="AdPosting.BikeAdPost" time="59.740" errors="0" timestamp="2022-02-16T19:31:40 PKT" skipped="0">
  <testcase classname="AdPosting.BikeAdPost" name="BikeAdPostAfterLogin" time="59.740"/>
  <system-out/>
</testsuite> <!-- AdPosting.BikeAdPost -->
