<?xml version="1.0" encoding="UTF-8"?>
<!-- Generated by org.testng.reporters.JUnitReportReporter -->
<testsuite hostname="DESKTOP-4UF8A35" failures="0" tests="2" name="LeadForms.Insurance" time="92.735" errors="0" timestamp="2022-02-25T11:56:37 PKT" skipped="0">
  <testcase classname="LeadForms.Insurance" name="InsuranceRequest_WithoutLogin" time="33.067"/>
  <system-out/>
  <testcase classname="LeadForms.Insurance" name="InsuranceRequest_WithLogin" time="59.668"/>
  <system-out/>
</testsuite> <!-- LeadForms.Insurance -->
