<?xml version="1.0" encoding="UTF-8"?>
<!-- Generated by org.testng.reporters.JUnitReportReporter -->
<testsuite hostname="DESKTOP-4UF8A35" failures="0" tests="1" name="SettingDriver.SignUp" time="22.453" errors="0" timestamp="2022-02-25T11:56:37 PKT" skipped="0">
  <testcase classname="SettingDriver.SignUp" name="SignUpViaEmail" time="22.453"/>
  <system-out/>
</testsuite> <!-- SettingDriver.SignUp -->
