<?xml version="1.0" encoding="UTF-8"?>
<!-- Generated by org.testng.reporters.JUnitReportReporter -->
<testsuite hostname="DESKTOP-4UF8A35" failures="0" tests="1" name="AdPosting.CarAdPost" time="146.036" errors="0" timestamp="2022-02-25T11:56:37 PKT" skipped="0">
  <testcase classname="AdPosting.CarAdPost" name="CarAdPostAfterLogin" time="146.036"/>
  <system-out/>
</testsuite> <!-- AdPosting.CarAdPost -->
