<?xml version="1.0" encoding="UTF-8"?>
<!-- Generated by org.testng.reporters.JUnitReportReporter -->
<testsuite hostname="DESKTOP-4UF8A35" failures="0" tests="2" name="LeadForms.InspectionRequest" time="74.284" errors="0" timestamp="2022-02-24T10:49:55 PKT" skipped="0">
  <testcase classname="LeadForms.InspectionRequest" name="InspectionRequest_FromMenu_WithOutLogin" time="34.357"/>
  <system-out/>
  <testcase classname="LeadForms.InspectionRequest" name="InspectionRequest_FromMenu_WithLogin" time="39.927"/>
  <system-out/>
</testsuite> <!-- LeadForms.InspectionRequest -->
