<?xml version="1.0" encoding="UTF-8"?>
<!-- Generated by org.testng.reporters.JUnitReportReporter -->
<testsuite hostname="DESKTOP-4UF8A35" failures="0" tests="1" name="Search.NewBikeSearch" time="33.089" errors="1" timestamp="2022-02-25T11:56:37 PKT" skipped="0">
  <testcase classname="Search.NewBikeSearch" name="NewBikesSearch" time="33.089">
    <error message="The element &#039;By.xpath: //android.widget.TextView[@text= &#039;Honda CD 70&#039;]&#039; does not exist in DOM anymore
For documentation on this error, please visit: https://www.seleniumhq.org/exceptions/stale_element_reference.html
Build info: version: &#039;3.141.59&#039;, revision: &#039;e82be7d358&#039;, time: &#039;2018-11-14T08:17:03&#039;
System info: host: &#039;DESKTOP-4UF8A35&#039;, ip: &#039;192.168.101.194&#039;, os.name: &#039;Windows 10&#039;, os.arch: &#039;amd64&#039;, os.version: &#039;10.0&#039;, java.version: &#039;17.0.1&#039;
Driver info: io.appium.java_client.AppiumDriver
Capabilities {appActivity: com.pakwheels.activities.ot..., appPackage: com.pakwheels.staging, automationName: UiAutomator2, databaseEnabled: false, desired: {appActivity: com.pakwheels.activities.ot..., appPackage: com.pakwheels.staging, automationName: UiAutomator2, deviceName: Redmi 9C, platformName: android, platformVersion: 10.0.0, udid: IJXKZ9HI95A6PZW4}, deviceApiLevel: 29, deviceManufacturer: Xiaomi, deviceModel: M2006C3MG, deviceName: IJXKZ9HI95A6PZW4, deviceScreenDensity: 320, deviceScreenSize: 720x1600, deviceUDID: IJXKZ9HI95A6PZW4, javascriptEnabled: true, locationContextEnabled: false, networkConnectionEnabled: true, pixelRatio: 2, platform: LINUX, platformName: Android, platformVersion: 10, statBarHeight: 55, takesScreenshot: true, udid: IJXKZ9HI95A6PZW4, viewportRect: {height: 1394, left: 0, top: 55, width: 720}, warnings: {}, webStorageEnabled: false}
Session ID: 2f30cba3-e0fd-43dc-b1ed-bc463eeb84f9" type="org.openqa.selenium.StaleElementReferenceException">
      <![CDATA[org.openqa.selenium.StaleElementReferenceException: The element 'By.xpath: //android.widget.TextView[@text= 'Honda CD 70']' does not exist in DOM anymore
For documentation on this error, please visit: https://www.seleniumhq.org/exceptions/stale_element_reference.html
Build info: version: '3.141.59', revision: 'e82be7d358', time: '2018-11-14T08:17:03'
System info: host: 'DESKTOP-4UF8A35', ip: '192.168.101.194', os.name: 'Windows 10', os.arch: 'amd64', os.version: '10.0', java.version: '17.0.1'
Driver info: io.appium.java_client.AppiumDriver
Capabilities {appActivity: com.pakwheels.activities.ot..., appPackage: com.pakwheels.staging, automationName: UiAutomator2, databaseEnabled: false, desired: {appActivity: com.pakwheels.activities.ot..., appPackage: com.pakwheels.staging, automationName: UiAutomator2, deviceName: Redmi 9C, platformName: android, platformVersion: 10.0.0, udid: IJXKZ9HI95A6PZW4}, deviceApiLevel: 29, deviceManufacturer: Xiaomi, deviceModel: M2006C3MG, deviceName: IJXKZ9HI95A6PZW4, deviceScreenDensity: 320, deviceScreenSize: 720x1600, deviceUDID: IJXKZ9HI95A6PZW4, javascriptEnabled: true, locationContextEnabled: false, networkConnectionEnabled: true, pixelRatio: 2, platform: LINUX, platformName: Android, platformVersion: 10, statBarHeight: 55, takesScreenshot: true, udid: IJXKZ9HI95A6PZW4, viewportRect: {height: 1394, left: 0, top: 55, width: 720}, warnings: {}, webStorageEnabled: false}
Session ID: 2f30cba3-e0fd-43dc-b1ed-bc463eeb84f9
at java.base/jdk.internal.reflect.NativeConstructorAccessorImpl.newInstance0(Native Method)
at java.base/jdk.internal.reflect.NativeConstructorAccessorImpl.newInstance(NativeConstructorAccessorImpl.java:77)
at java.base/jdk.internal.reflect.DelegatingConstructorAccessorImpl.newInstance(DelegatingConstructorAccessorImpl.java:45)
at java.base/java.lang.reflect.Constructor.newInstanceWithCaller(Constructor.java:499)
at java.base/java.lang.reflect.Constructor.newInstance(Constructor.java:480)
at org.openqa.selenium.remote.http.W3CHttpResponseCodec.createException(W3CHttpResponseCodec.java:187)
at org.openqa.selenium.remote.http.W3CHttpResponseCodec.decode(W3CHttpResponseCodec.java:122)
at org.openqa.selenium.remote.http.W3CHttpResponseCodec.decode(W3CHttpResponseCodec.java:49)
at org.openqa.selenium.remote.HttpCommandExecutor.execute(HttpCommandExecutor.java:158)
at io.appium.java_client.remote.AppiumCommandExecutor.execute(AppiumCommandExecutor.java:250)
at org.openqa.selenium.remote.RemoteWebDriver.execute(RemoteWebDriver.java:552)
at io.appium.java_client.DefaultGenericMobileDriver.execute(DefaultGenericMobileDriver.java:41)
at io.appium.java_client.AppiumDriver.execute(AppiumDriver.java:1)
at org.openqa.selenium.remote.RemoteWebElement.execute(RemoteWebElement.java:285)
at io.appium.java_client.DefaultGenericMobileElement.execute(DefaultGenericMobileElement.java:45)
at io.appium.java_client.MobileElement.execute(MobileElement.java:1)
at io.appium.java_client.android.AndroidElement.execute(AndroidElement.java:1)
at org.openqa.selenium.remote.RemoteWebElement.getText(RemoteWebElement.java:166)
at Search.NewBikeSearch.NewBikesSearch(NewBikeSearch.java:93)
at java.base/jdk.internal.reflect.NativeMethodAccessorImpl.invoke0(Native Method)
at java.base/jdk.internal.reflect.NativeMethodAccessorImpl.invoke(NativeMethodAccessorImpl.java:77)
at java.base/jdk.internal.reflect.DelegatingMethodAccessorImpl.invoke(DelegatingMethodAccessorImpl.java:43)
at java.base/java.lang.reflect.Method.invoke(Method.java:568)
at org.testng.internal.MethodInvocationHelper.invokeMethod(MethodInvocationHelper.java:133)
at org.testng.internal.TestInvoker.invokeMethod(TestInvoker.java:598)
at org.testng.internal.TestInvoker.invokeTestMethod(TestInvoker.java:173)
at org.testng.internal.MethodRunner.runInSequence(MethodRunner.java:46)
at org.testng.internal.TestInvoker$MethodInvocationAgent.invoke(TestInvoker.java:824)
at org.testng.internal.TestInvoker.invokeTestMethods(TestInvoker.java:146)
at org.testng.internal.TestMethodWorker.invokeTestMethods(TestMethodWorker.java:146)
at org.testng.internal.TestMethodWorker.run(TestMethodWorker.java:128)
at java.base/java.util.ArrayList.forEach(ArrayList.java:1511)
at org.testng.TestRunner.privateRun(TestRunner.java:794)
at org.testng.TestRunner.run(TestRunner.java:596)
at org.testng.SuiteRunner.runTest(SuiteRunner.java:377)
at org.testng.SuiteRunner.runSequentially(SuiteRunner.java:371)
at org.testng.SuiteRunner.privateRun(SuiteRunner.java:332)
at org.testng.SuiteRunner.run(SuiteRunner.java:276)
at org.testng.SuiteRunnerWorker.runSuite(SuiteRunnerWorker.java:53)
at org.testng.SuiteRunnerWorker.run(SuiteRunnerWorker.java:96)
at org.testng.TestNG.runSuitesSequentially(TestNG.java:1212)
at org.testng.TestNG.runSuitesLocally(TestNG.java:1134)
at org.testng.TestNG.runSuites(TestNG.java:1063)
at org.testng.TestNG.run(TestNG.java:1031)
at org.testng.remote.AbstractRemoteTestNG.run(AbstractRemoteTestNG.java:115)
at org.testng.remote.RemoteTestNG.initAndRun(RemoteTestNG.java:251)
at org.testng.remote.RemoteTestNG.main(RemoteTestNG.java:77)
]]>
    </error>
  </testcase> <!-- NewBikesSearch -->
  <system-out/>
</testsuite> <!-- Search.NewBikeSearch -->
