<?xml version="1.0" encoding="UTF-8"?>
<!-- Generated by org.testng.reporters.JUnitReportReporter -->
<testsuite hostname="DESKTOP-4UF8A35" failures="0" tests="1" name="LeadForms.AuctionSheet" time="41.399" errors="0" timestamp="2022-02-24T10:55:32 PKT" skipped="0">
  <testcase classname="LeadForms.AuctionSheet" name="AuctionSheetRequest_WithLogin" time="41.399"/>
  <system-out/>
</testsuite> <!-- LeadForms.AuctionSheet -->
