<?xml version="1.0" encoding="UTF-8"?>
<!-- Generated by org.testng.reporters.JUnitReportReporter -->
<testsuite hostname="DESKTOP-4UF8A35" failures="0" tests="1" name="AdPosting.AccessoriesAdPost" time="55.699" errors="0" timestamp="2022-02-16T20:03:47 PKT" skipped="0">
  <testcase classname="AdPosting.AccessoriesAdPost" name="AccessoriesAdPostAfterLogin" time="55.699"/>
  <system-out/>
</testsuite> <!-- AdPosting.AccessoriesAdPost -->
