<?xml version="1.0" encoding="UTF-8"?>
<!-- Generated by org.testng.reporters.JUnitReportReporter -->
<testsuite hostname="DESKTOP-4UF8A35" failures="0" tests="2" name="LeadForms.SellItForMe" time="71.027" errors="0" timestamp="2022-02-23T18:05:42 PKT" skipped="0">
  <testcase classname="LeadForms.SellItForMe" name="SellItForMeRequest_WithoutLogin" time="34.364"/>
  <system-out/>
  <testcase classname="LeadForms.SellItForMe" name="SellItForMeRequest_WithLogin" time="36.663"/>
  <system-out/>
</testsuite> <!-- LeadForms.SellItForMe -->
