<?xml version="1.0" encoding="UTF-8"?>
<!-- Generated by org.testng.reporters.JUnitReportReporter -->
<testsuite hostname="DESKTOP-111VS2R" failures="0" tests="1" name="Search.NewBikeSearch" time="62.053" errors="0" timestamp="2022-02-21T21:46:49 PKT" skipped="0">
  <testcase classname="Search.NewBikeSearch" name="Scroll" time="62.053"/>
  <system-out/>
</testsuite> <!-- Search.NewBikeSearch -->
