<?xml version="1.0" encoding="UTF-8"?>
<!-- Generated by org.testng.reporters.JUnitReportReporter -->
<testsuite hostname="DESKTOP-4UF8A35" failures="0" tests="4" name="LeadForms.Finance" time="323.944" errors="0" timestamp="2022-02-14T21:03:32 PKT" skipped="0">
  <testcase classname="LeadForms.Finance" name="FinanceRequest_NewCars_FromMenu_WithOutLogin" time="89.562"/>
  <system-out/>
  <testcase classname="LeadForms.Finance" name="FinanceRequest_NewCars_FromMenu_WithLogin" time="81.285"/>
  <system-out/>
  <testcase classname="LeadForms.Finance" name="FinanceRequest_UsedCars_FromMenu_WithOutLogin" time="71.473"/>
  <system-out/>
  <testcase classname="LeadForms.Finance" name="FinanceRequest_UsedCars_FromMenu_WithLogin" time="81.624"/>
  <system-out/>
</testsuite> <!-- LeadForms.Finance -->
