<?xml version="1.0" encoding="UTF-8"?>
<!-- Generated by org.testng.reporters.JUnitReportReporter -->
<testsuite hostname="DESKTOP-4UF8A35" failures="0" tests="1" name="AdPosting.CarAdPost" time="138.086" errors="0" timestamp="2022-02-23T17:24:38 PKT" skipped="0">
  <testcase classname="AdPosting.CarAdPost" name="CarAdPostAfterLogin" time="138.086"/>
  <system-out/>
</testsuite> <!-- AdPosting.CarAdPost -->
