<?xml version="1.0" encoding="UTF-8"?>
<!-- Generated by org.testng.reporters.JUnitReportReporter -->
<testsuite hostname="DESKTOP-4UF8A35" failures="0" tests="1" name="AdPosting.AccessoriesAdPost" time="45.030" errors="0" timestamp="2022-02-22T11:14:30 PKT" skipped="0">
  <testcase classname="AdPosting.AccessoriesAdPost" name="AccessoriesAdPostAfterLogin" time="45.030"/>
  <system-out/>
</testsuite> <!-- AdPosting.AccessoriesAdPost -->
