<?xml version="1.0" encoding="UTF-8"?>
<!-- Generated by org.testng.reporters.JUnitReportReporter -->
<testsuite hostname="DESKTOP-4UF8A35" failures="0" tests="2" name="LeadForms.Insurance" time="72.428" errors="0" timestamp="2022-02-21T17:43:35 PKT" skipped="0">
  <testcase classname="LeadForms.Insurance" name="InsuranceRequest_WithoutLogin" time="17.393"/>
  <system-out/>
  <testcase classname="LeadForms.Insurance" name="InsuranceRequest_WithLogin" time="55.035"/>
  <system-out/>
</testsuite> <!-- LeadForms.Insurance -->
