<?xml version="1.0" encoding="UTF-8"?>
<!-- Generated by org.testng.reporters.JUnitReportReporter -->
<testsuite hostname="DESKTOP-4UF8A35" failures="0" tests="2" name="LeadForms.InspectionRequest" time="95.103" errors="0" timestamp="2022-02-25T11:56:37 PKT" skipped="0">
  <testcase classname="LeadForms.InspectionRequest" name="InspectionRequest_FromMenu_WithOutLogin" time="33.143"/>
  <system-out/>
  <testcase classname="LeadForms.InspectionRequest" name="InspectionRequest_FromMenu_WithLogin" time="61.960"/>
  <system-out/>
</testsuite> <!-- LeadForms.InspectionRequest -->
