<?xml version="1.0" encoding="UTF-8"?>
<!-- Generated by org.testng.reporters.JUnitReportReporter -->
<testsuite hostname="DESKTOP-4UF8A35" failures="0" tests="1" name="SettingDriver.SignUp" time="26.254" errors="0" timestamp="2022-02-24T16:23:55 PKT" skipped="0">
  <testcase classname="SettingDriver.SignUp" name="SignUpViaEmail" time="26.254"/>
  <system-out/>
</testsuite> <!-- SettingDriver.SignUp -->
