<?xml version="1.0" encoding="UTF-8"?>
<!-- Generated by org.testng.reporters.JUnitReportReporter -->
<testsuite hostname="DESKTOP-4UF8A35" failures="0" tests="4" name="LeadForms.Finance" time="285.010" errors="0" timestamp="2022-02-24T10:49:55 PKT" skipped="0">
  <testcase classname="LeadForms.Finance" name="FinanceRequest_NewCars_FromMenu_WithOutLogin" time="65.534"/>
  <system-out/>
  <testcase classname="LeadForms.Finance" name="FinanceRequest_NewCars_FromMenu_WithLogin" time="75.810"/>
  <system-out/>
  <testcase classname="LeadForms.Finance" name="FinanceRequest_UsedCars_FromMenu_WithOutLogin" time="66.469"/>
  <system-out/>
  <testcase classname="LeadForms.Finance" name="FinanceRequest_UsedCars_FromMenu_WithLogin" time="77.197"/>
  <system-out/>
</testsuite> <!-- LeadForms.Finance -->
