<?xml version="1.0" encoding="UTF-8"?>
<!-- Generated by org.testng.reporters.JUnitReportReporter -->
<testsuite hostname="DESKTOP-4UF8A35" failures="0" tests="1" name="Search.NewBikeSearch" time="36.888" errors="0" timestamp="2022-02-22T12:35:18 PKT" skipped="0">
  <testcase classname="Search.NewBikeSearch" name="Scroll" time="36.888"/>
  <system-out/>
</testsuite> <!-- Search.NewBikeSearch -->
