<?xml version="1.0" encoding="UTF-8"?>
<!-- Generated by org.testng.reporters.JUnitReportReporter -->
<testsuite hostname="DESKTOP-4UF8A35" failures="0" tests="2" name="LeadForms.AuctionSheet" time="74.274" errors="0" timestamp="2022-02-25T11:56:37 PKT" skipped="0">
  <testcase classname="LeadForms.AuctionSheet" name="AuctionSheetRequest_WithoutLogin" time="26.939"/>
  <system-out/>
  <testcase classname="LeadForms.AuctionSheet" name="AuctionSheetRequest_WithLogin" time="47.335"/>
  <system-out/>
</testsuite> <!-- LeadForms.AuctionSheet -->
