<?xml version="1.0" encoding="UTF-8"?>
<!-- Generated by org.testng.reporters.JUnitReportReporter -->
<testsuite hostname="DESKTOP-4UF8A35" failures="0" tests="2" name="LeadForms.Insurance" time="75.544" errors="0" timestamp="2022-02-22T11:14:30 PKT" skipped="0">
  <testcase classname="LeadForms.Insurance" name="InsuranceRequest_WithoutLogin" time="32.418"/>
  <system-out/>
  <testcase classname="LeadForms.Insurance" name="InsuranceRequest_WithLogin" time="43.126"/>
  <system-out/>
</testsuite> <!-- LeadForms.Insurance -->
