<?xml version="1.0" encoding="UTF-8"?>
<!-- Generated by org.testng.reporters.JUnitReportReporter -->
<testsuite hostname="DESKTOP-4UF8A35" failures="0" tests="1" name="Search.NewCarSearch" time="36.804" errors="0" timestamp="2022-02-25T17:59:15 PKT" skipped="0">
  <testcase classname="Search.NewCarSearch" name="NewCarsSearch" time="36.804"/>
  <system-out/>
</testsuite> <!-- Search.NewCarSearch -->
