<?xml version="1.0" encoding="UTF-8"?>
<!-- Generated by org.testng.reporters.JUnitReportReporter -->
<testsuite hostname="DESKTOP-4UF8A35" failures="0" tests="2" name="LeadForms.AuctionSheet" time="68.890" errors="0" timestamp="2022-02-23T18:30:21 PKT" skipped="0">
  <testcase classname="LeadForms.AuctionSheet" name="AuctionSheetRequest_WithoutLogin" time="28.835"/>
  <system-out/>
  <testcase classname="LeadForms.AuctionSheet" name="AuctionSheetRequest_WithLogin" time="40.055"/>
  <system-out/>
</testsuite> <!-- LeadForms.AuctionSheet -->
