<?xml version="1.0" encoding="UTF-8"?>
<!-- Generated by org.testng.reporters.JUnitReportReporter -->
<testsuite hostname="DESKTOP-4UF8A35" failures="0" tests="4" name="LeadForms.Finance" time="300.555" errors="0" timestamp="2022-02-22T11:14:30 PKT" skipped="0">
  <testcase classname="LeadForms.Finance" name="FinanceRequest_NewCars_FromMenu_WithOutLogin" time="65.970"/>
  <system-out/>
  <testcase classname="LeadForms.Finance" name="FinanceRequest_NewCars_FromMenu_WithLogin" time="85.433"/>
  <system-out/>
  <testcase classname="LeadForms.Finance" name="FinanceRequest_UsedCars_FromMenu_WithOutLogin" time="67.117"/>
  <system-out/>
  <testcase classname="LeadForms.Finance" name="FinanceRequest_UsedCars_FromMenu_WithLogin" time="82.035"/>
  <system-out/>
</testsuite> <!-- LeadForms.Finance -->
