<?xml version="1.0" encoding="UTF-8"?>
<!-- Generated by org.testng.reporters.JUnitReportReporter -->
<testsuite hostname="DESKTOP-4UF8A35" failures="0" tests="1" name="LeadForms.AuctionSheet" time="40.858" errors="0" timestamp="2022-02-22T11:46:52 PKT" skipped="0">
  <testcase classname="LeadForms.AuctionSheet" name="AuctionSheetRequest_WithLogin" time="40.858"/>
  <system-out/>
</testsuite> <!-- LeadForms.AuctionSheet -->
