<?xml version="1.0" encoding="UTF-8"?>
<!-- Generated by org.testng.reporters.JUnitReportReporter -->
<testsuite hostname="DESKTOP-4UF8A35" failures="0" tests="1" name="Search.UsedBikeSearch" time="255.407" errors="0" timestamp="2022-02-22T18:29:08 PKT" skipped="0">
  <testcase classname="Search.UsedBikeSearch" name="UsedBikeSearch_Honda" time="255.407"/>
  <system-out/>
</testsuite> <!-- Search.UsedBikeSearch -->
