<?xml version="1.0" encoding="UTF-8"?>
<!-- Generated by org.testng.reporters.JUnitReportReporter -->
<testsuite hostname="DESKTOP-4UF8A35" failures="0" tests="1" name="AdPosting.BikeAdPost" time="59.003" errors="0" timestamp="2022-02-22T11:14:30 PKT" skipped="0">
  <testcase classname="AdPosting.BikeAdPost" name="BikeAdPostAfterLogin" time="59.003"/>
  <system-out/>
</testsuite> <!-- AdPosting.BikeAdPost -->
