<?xml version="1.0" encoding="UTF-8"?>
<!-- Generated by org.testng.reporters.JUnitReportReporter -->
<testsuite hostname="DESKTOP-4UF8A35" failures="0" tests="4" name="LeadForms.Finance" time="307.952" errors="0" timestamp="2022-02-25T11:56:37 PKT" skipped="0">
  <testcase classname="LeadForms.Finance" name="FinanceRequest_NewCars_FromMenu_WithOutLogin" time="64.395"/>
  <system-out/>
  <testcase classname="LeadForms.Finance" name="FinanceRequest_NewCars_FromMenu_WithLogin" time="83.139"/>
  <system-out/>
  <testcase classname="LeadForms.Finance" name="FinanceRequest_UsedCars_FromMenu_WithOutLogin" time="67.021"/>
  <system-out/>
  <testcase classname="LeadForms.Finance" name="FinanceRequest_UsedCars_FromMenu_WithLogin" time="93.397"/>
  <system-out/>
</testsuite> <!-- LeadForms.Finance -->
